0
1
0
0
0
2
6
3
7
8
8
4
5
4
7
2
0
14
9
15
13
6
19
0
12
6
21
18
0
23
24
19
1
3
31
23
35
27
17
15
39
6
16
24
23
3
29
13
28
47
37
45
3
30
15
43
14
51
34
54
8
21
61
48
13
50
7
57
67
29
29
28
27
56
72
42
20
68
10
2
23
66
77
69
9
27
14
86
55
37
15
38
77
91
93
67
95
60
56
68
57
56
99
67
2
2
11
84
42
68
6
16
22
49
45
13
1
43
58
38
50
71
11
40
108
14
47
73
38
53
88
108
130
34
39
3
71
96
120
61
47
103
23
25
57
81
145
34
138
111
40
95
93
141
84
94
110
141
49
48
67
53
36
135
126
103
34
37
64
94
137
87
58
70
170
51
162
130
56
31
151
79
19
61
51
181
9
73
139
64
129
140
136
142
123
195
45
51
36
32
20
167
197
157
65
203
109
56
37
61
92
77
199
47
213
87
41
179
152
201
214
203
2
121
1
122
169
93
55
169
190
211
74
171
89
139
38
126
96
205
43
223
179
169
188
15
170
29
96
115
149
190
34
76
201
225
250
16
167
222
142
201
135
165
110
30
52
192
17
197
232
229
270
98
73
265
19
74
192
191
115
186
35
160
53
39
199
61
30
187
144
77
87
28
91
27
238
288
210
258
138
176
292
156
250
12
78
305
216
30
92
238
87
264
105
36
103
279
187
225
201
13
169
45
75
285
221
166
326
101
292
103
131
305
192
34
25
38
329
227
67
165
342
94
221
299
124
257
97
116
308
324
288
349
203
247
255
112
109
324
27
275
41
352
338
39
113
18
257
179
203
310
187
330
221
187
192
13
206
307
134
295
363
351
74
194
156
185
90
77
185
31
11
363
303
185
135
194
272
332
168
226
370
261
228
297
198
182
330
23
14
218
218
367
24
355
100
279
15
284
324
9
257
28
422
262
63
139
153
397
78
97
107
365
187
128
338
133
429
67
142
279
35
184
310
175
432
135
398
316
280
336
401
215
34
399
176
123
237
209
365
269
341
93
56
32
68
24
118
12
221
112
347
469
206
383
207
44
288
324
137
43
82
359
480
89
222
24
474
443
334
377
300
493
46
252
255
497
331
307
253
187
258
449
387
295
241
113
417
6
68
96
32
358
170
66
468
349
355
153
489
317
256
77
205
389
138
201
395
77
130
442
380
79
379
281
206
7
256
507
436
259
13
113
444
208
136
507
231
351
336
490
475
385
232
32
482
80
188
471
123
520
354
283
458
369
58
70
407
294
570
319
35
410
25
90
130
209
487
219
332
1
130
313
376
323
248
345
427
24
386
344
114
352
489
198
374
523
454
135
529
112
88
82
565
309
133
548
334
296
308
534
527
611
403
377
99
525
396
69
306
576
219
56
541
458
53
530
549
350
11
324
294
573
567
567
591
10
428
351
82
313
618
66
15
86
440
16
343
441
340
230
434
281
318
412
597
431
480
29
320
310
500
257
303
441
450
514
117
472
72
13
671
586
355
282
135
402
635
126
647
2
594
516
659
184
609
308
115
507
92
118
159
592
268
517
294
542
356
249
111
599
473
272
16
180
198
122
204
129
291
667
433
108
432
471
301
247
692
429
174
409
243
613
432
492
704
65
294
450
213
467
654
501
194
120
655
573
521
567
181
232
578
694
488
298
652
477
675
452
625
148
556
29
112
8
4
644
341
694
713
268
297
673
87
456
411
612
447
514
191
483
415
244
233
41
323
540
250
274
443
134
168
680
419
726
193
58
319
583
592
151
249
279
286
271
633
193
347
677
664
429
327
264
118
561
136
143
58
395
213
392
75
220
616
657
742
201
540
801
274
755
665
313
745
337
785
713
309
384
213
624
72
441
136
501
171
511
714
795
439
479
424
707
753
562
803
146
393
453
243
353
470
327
241
789
16
542
402
440
603
547
799
360
296
767
805
222
106
420
25
690
576
620
833
206
475
667
355
725
681
165
612
41
315
264
604
326
176
345
290
91
14
37
329
234
878
110
833
586
747
729
106
812
271
627
227
836
760
334
139
260
504
581
347
309
231
815
318
620
550
236
613
753
7
126
794
116
268
188
586
782
10
508
588
876
385
842
322
170
77
896
270
200
349
667
614
475
937
759
42
855
102
320
658
494
542
751
436
578
624
847
774
711
744
817
432
887
814
944
767
890
555
579
821
613
521
287
385
455
20
820
714
425
158
924
565
355
328
407
709
455
126
690
620
444
875
963
279
988
319
326
869
683
214
971
972
276
969
192
16
25
250
475
56
578
422
961
105
602
537
435
506
731
408
367
581
87
397
401
692
976
1010
901
485
77
728
691
784
255
758
938
998
575
494
959
491
630
540
553
644
1042
1012
536
683
293
969
408
800
537
621
517
416
482
187
409
565
131
262
750
524
1059
62
795
591
218
848
943
1018
1016
467
204
805
1060
360
135
34
501
362
917
954
373
446
269
803
882
903
369
1017
668
1008
670
586
31
373
162
957
1048
988
842
851
763
962
863
410
328
1067
1061
384
651
802
434
615
533
385
1033
1099
603
936
274
94
130
364
770
629
988
983
984
672
400
766
1058
101
358
822
13
955
852
1033
922
375
135
411
379
635
50
1114
465
716
1004
1096
916
448
426
561
824
583
431
574
262
487
1045
526
771
388
707
553
776
954
491
86
1179
145
859
866
1034
772
539
733
597
1113
811
1054
699
196
449
825
875
188
821
843
553
27
669
622
771
911
1159
523
1004
1125
813
448
610
606
784
159
59
222
121
931
261
541
52
132
1204
422
1211
1100
1203
386
272
717
614
256
1115
351
405
813
1051
650
509
361
340
449
1164
324
1
604
234
359
947
758
1040
708
505
1161
255
305
972
82
124
103
431
547
779
342
1218
971
1110
59
592
320
527
827
632
389
204
639
87
1234
799
528
518
571
1276
365
1144
81
1173
572
504
49
151
1135
892
835
670
1043
953
603
474
368
581
1183
818
67
730
898
1210
244
414
0
578
55
1168
744
144
1255
805
951
481
449
43
843
587
220
713
809
974
103
110
448
1299
587
956
188
199
1258
1276
655
372
438
379
758
97
905
500
581
682
677
466
145
344
1113
913
166
1057
1332
649
306
254
997
1148
1064
590
702
288
65
1035
937
357
205
1182
1080
1156
1253
813
1157
212
341
879
926
940
575
937
1150
1031
1169
746
695
1210
1191
812
495
125
618
195
1240
707
16
350
296
1166
858
194
649
307
325
1036
314
0
778
1308
230
578
855
1055
361
786
1144
793
302
1105
471
761
990
1200
611
1301
228
1204
1025
1011
54
1279
198
1327
338
1230
1437
1098
451
1244
1180
1364
704
937
120
1330
142
893
1269
1043
638
1294
519
1409
322
643
799
557
676
325
1236
1065
1268
542
1408
368
322
992
614
229
347
578
1151
624
1093
1343
881
672
973
650
192
666
1263
255
8
1384
328
709
532
40
575
1358
990
543
1108
1024
966
1306
1033
1004
606
244
1397
944
1104
1121
501
637
985
569
208
21
600
809
442
458
876
886
42
396
871
990
1133
76
285
603
812
121
178
3
1
557
915
142
55
680
1272
162
863
252
1179
50
1083
359
1123
28
1465
535
142
634
878
300
129
805
1388
939
947
949
1124
8
745
704
698
463
1052
91
1081
1299
87
1319
464
180
67
1487
570
1399
162
1317
1516
1010
427
994
466
458
1101
1107
1499
770
272
607
71
1278
323
1383
800
1548
784
633
215
36
377
299
1309
793
1602
711
258
696
1051
697
700
524
1520
470
1368
1535
1047
184
388
852
407
1473
275
386
1005
1053
92
1090
854
1511
93
96
1111
612
624
266
188
1597
1373
1110
1063
6
1096
670
559
1340
1279
1473
1516
96
261
857
1244
385
1524
1159
1638
1440
1086
556
1410
337
142
1474
1119
1404
1429
855
1522
1259
1450
249
1086
1135
1148
978
975
778
145
224
820
1468
788
957
592
591
1207
789
523
161
1664
1332
347
893
632
1300
49
1468
1697
1648
1164
1356
381
1241
426
346
1648
1462
1640
131
1460
1591
1398
1211
929
1461
234
540
868
405
357
1464
187
27
1305
813
462
778
94
1564
1535
1352
342
1528
393
388
230
1641
1374
1649
127
1425
1498
540
928
359
1167
912
669
1717
1725
1684
1207
564
1688
1726
581
894
1162
1285
1629
1212
475
291
1163
1116
1566
921
115
1473
1195
685
671
1429
704
203
1660
1536
1207
1117
393
810
33
862
1343
966
903
1294
1664
1111
1061
166
1719
372
800
477
332
1716
1370
893
853
1211
1389
1066
1281
1170
315
216
877
920
453
989
910
806
1593
716
1385
295
1008
930
1442
87
61
994
1134
1344
1768
1005
631
1366
720
1245
168
1634
411
139
724
735
904
367
441
1815
53
1125
129
1812
904
644
46
920
1582
38
783
465
1702
559
1437
1448
485
1630
1501
1415
1728
822
461
209
48
1512
857
121
1470
1443
1751
1517
1507
372
162
826
1184
1510
369
1651
56
1642
1700
1592
587
320
1197
1394
1534
1465
95
1125
45
35
452
1699
1798
1561
1196
263
420
444
1668
209
640
16
1536
283
1775
751
1159
1425
775
1579
1757
1007
1595
1123
355
1197
1722
435
1499
809
468
1512
1621
169
94
1142
1714
1547
813
578
1179
129
1396
1619
174
75
1624
177
164
750
1773
1104
297
1500
552
1766
917
1609
1765
799
1325
1550
1030
781
862
788
97
501
1682
210
710
1796
350
1575
701
1723
246
1120
1691
613
1714
274
1821
915
1068
1441
569
1684
881
439
1618
1603
1160
1813
1837
1498
1322
695
451
475
1332
1014
1451
395
65
702
963
1197
1080
1531
382
108
10
76
615
951
511
1343
694
653
900
602
553
789
369
911
162
1272
1087
1377
881
83
1808
373
1240
857
310
13
1415
748
2010
1041
1165
1291
531
1214
546
1640
1126
635
1927
236
706
440
734
893
327
390
1744
691
780
1139
70
1102
1432
33
632
1486
1257
1865
624
1963
908
101
697
619
1621
449
1604
1388
453
756
1711
911
1239
1912
1360
251
616
562
804
467
1461
1612
1342
437
1981
1162
1728
2053
569
1683
1135
564
270
2101
1615
1659
1463
1275
623
372
230
1117
335
1402
1837
484
1796
824
44
1006
1286
1740
1679
265
1620
2117
1121
1297
416
1066
184
1967
1211
1098
127
684
1834
1149
341
474
1609
1050
1756
473
360
1879
1314
1480
2039
1831
875
76
918
1912
2083
1551
1248
237
98
248
674
1106
359
781
674
1042
1886
1917
1453
612
1407
714
2119
1431
1921
370
1095
1961
1978
757
1444
894
948
1200
1419
1946
1495
1641
482
616
1118
961
1349
2178
824
871
1721
1363
1528
1179
620
1232
2043
926
2135
1803
1647
419
1831
1588
1615
986
269
780
635
1786
1755
81
1993
875
2216
1482
1543
571
171
1746
1374
1746
1866
213
36
1578
1356
1813
341
292
1700
23
1501
2177
1339
932
1289
2059
1199
2113
1273
905
196
2048
1813
1595
2223
1757
2039
1550
2099
290
1598
294
1534
1569
383
1893
90
726
2166
771
1854
472
850
781
1390
1612
547
656
1856
1923
1266
1992
681
353
605
492
767
1647
2209
479
1215
558
1684
1105
1099
662
229
2191
931
288
761
1428
1534
1335
178
1817
1193
36
369
667
433
549
2298
1077
1968
1065
2165
1330
2011
616
2013
1514
2052
1351
547
346
2165
1799
956
710
878
1806
1809
735
1292
67
388
1883
1197
1280
234
1297
1948
1319
408
1687
265
2234
2284
896
1449
1640
691
2066
2286
630
945
328
998
1748
769
1885
59
1947
1137
851
533
501
1072
1153
435
1895
2275
1064
1100
2177
1878
2327
191
1703
2322
2022
1534
1895
1058
1617
1422
338
797
525
161
1527
865
2175
1483
2024
140
99
623
1855
2224
226
711
751
101
313
532
551
553
2037
2376
1512
634
2082
2197
2135
1743
2240
679
661
1932
1380
1818
1978
1172
2228
351
471
634
2073
2380
1163
1790
2097
327
893
2260
1343
1035
835
555
92
471
710
2073
391
644
573
620
946
855
1079
761
2196
190
635
1573
1368
649
2351
1469
948
924
201
2371
953
535
2315
95
206
1587
2258
125
623
1770
2092
2192
0
1837
1273
1883
1869
888
2328
1328
2120
961
794
1490
1521
1213
1846
1823
1930
94
1712
73
1419
1535
304
1422
2266
282
2078
579
1951
690
676
1770
268
1060
233
222
437
1719
1280
927
1204
2367
163
1700
1688
2191
1393
1491
2459
1982
1192
370
1998
1109
1716
2396
562
126
2264
469
1554
918
1754
204
756
297
168
1221
1526
2431
1662
1157
29
418
2349
701
1160
660
1449
908
671
1516
1789
831
978
1906
1059
706
2226
172
1391
1692
2290
764
2136
15
2338
2276
2340
819
1848
1
2184
2430
1069
857
1905
314
1777
2517
26
139
57
1155
2032
487
1163
1626
939
2052
1067
2386
2502
589
727
1675
2313
1791
153
1285
2001
906
1010
2343
543
2363
1987
2083
144
724
1351
1357
2146
2354
163
332
1692
1216
640
268
1565
2051
1218
803
229
1184
2167
119
1457
1
1532
31
208
1976
850
1840
2257
2220
859
791
1828
2166
1465
1710
510
1250
2229
199
757
2430
1079
1185
2616
2038
1277
408
1038
177
1931
2631
1156
486
2353
1272
661
1010
1214
2549
2291
2628
447
892
2009
1921
2548
2105
620
470
776
539
1644
2536
955
1164
2480
1905
1633
376
61
611
2210
1652
368
1084
549
1995
1738
1527
2388
61
1458
1475
1256
436
1720
1537
697
1401
195
422
797
413
334
959
1423
2321
1530
683
1154
1822
2113
290
676
2078
770
853
1153
907
2406
2383
1814
598
657
807
709
2408
611
2462
1513
788
595
1737
1907
805
596
290
61
665
2469
2507
1518
2406
1943
1543
778
554
999
2520
1195
2066
1143
395
516
147
1138
2753
1618
2285
671
1113
1632
18
1254
1386
1418
602
2277
1243
93
900
1386
966
2078
1290
2607
2291
1571
1724
633
698
320
2398
1719
1639
2178
888
2697
1106
1824
1643
1598
1109
2418
2788
814
2227
1813
1394
2725
2045
513
756
786
1085
2644
140
2693
583
818
652
2128
1394
2708
361
2185
1281
2421
914
1242
2653
1488
2516
2419
597
852
2788
1742
2406
552
1195
2748
2546
2794
231
1415
13
396
612
164
467
1146
1292
1487
1460
702
915
2595
66
1902
2130
919
1637
1295
1524
2145
2259
1075
196
295
1788
1879
2559
2058
59
2434
1940
1364
1107
1559
1950
2252
2135
2407
1249
836
1116
2033
654
1277
972
1817
1448
2309
375
1036
1857
1505
1540
1903
161
1927
240
254
2033
581
2589
1614
2843
1973
1854
839
2604
348
1512
400
1847
1293
71
1992
1202
34
1254
1975
1994
2081
2721
2880
1044
626
2820
2546
321
2493
1727
2909
2681
1954
261
69
2272
1311
861
2632
1107
2793
379
1030
1362
992
1710
647
1697
609
1411
2181
385
2816
631
1257
215
1287
159
1450
1721
1167
230
2320
2402
2923
916
7
552
2112
1369
551
288
2759
2205
2675
2592
1802
1870
2150
2710
2247
472
1724
1329
1660
2208
2626
2913
1526
262
1033
1100
2339
2704
2125
882
2077
1126
458
162
51
1670
2882
2848
1079
1926
2286
377
1927
2716
2539
2744
2639
2495
2970
2552
2911
435
2352
341
1983
2909
1931
2919
2849
1537
2940
1710
280
513
1815
376
971
696
1580
2713
382
195
904
93
377
892
2551
1906
3042
2977
1223
1653
162
2701
1188
767
2298
1605
1726
1163
1268
272
3051
1244
2263
1848
3052
652
631
2745
1916
132
285
811
2585
421
552
2020
2675
2597
780
54
1734
882
3029
1775
1513
2533
1655
3025
2100
2305
1446
2373
393
2224
2416
1352
2445
792
976
2056
2629
1378
154
1557
1268
1608
644
2224
7
2615
543
1858
1515
773
2506
3036
2001
2777
2896
499
537
2854
1860
302
1436
2130
769
2085
574
347
2391
2004
1405
38
980
1623
751
2781
1733
1544
1695
3046
871
1026
2973
1581
1205
2325
3089
1984
884
2765
2959
1363
2485
1979
345
2597
2940
15
2615
813
492
2962
575
3160
403
2768
134
3149
1725
648
2452
2669
900
1327
1135
57
689
389
1582
3154
2207
806
536
2427
410
444
428
3058
689
848
2779
1171
52
1212
1799
2347
1914
689
2198
2803
117
2348
1404
1149
339
443
328
883
1748
2458
321
2490
2340
2525
1315
2971
3087
1843
1135
252
1390
2188
1732
486
1102
2856
1272
1387
1982
1404
2673
3035
362
1193
2108
858
1478
1248
78
478
2096
1895
2644
1687
1935
620
2609
251
1431
64
1382
291
2915
95
3189
2093
860
2822
241
1513
2000
75
1700
598
1665
523
2551
803
3145
2071
1199
520
2484
1052
1007
239
1380
578
1872
2151
2144
137
2058
3053
1319
2673
477
2799
396
101
1882
2861
2062
2289
107
785
1413
781
2070
2284
17
142
260
1011
2339
2453
1859
2169
2050
1383
1617
2106
1990
2777
1162
2319
582
980
1803
2883
445
2035
2962
1152
1494
3044
297
3210
2824
1493
2220
544
2642
987
2567
1461
2963
2305
3276
2260
1762
197
66
1654
2318
2055
3061
2024
2417
308
2521
733
2818
1151
1700
1194
3355
1559
558
1322
3096
3350
3153
1646
2967
461
2895
832
1152
67
659
1176
3290
2555
874
169
2739
1858
725
1252
542
1461
2135
530
1499
2999
451
2622
23
3167
3219
2647
3367
269
1397
2049
380
2350
1447
41
1049
3236
2838
238
74
576
487
1444
3213
3134
2147
1281
1426
2834
70
591
2008
218
72
3226
2208
852
2046
2071
2545
1262
3048
1209
609
1782
1617
1175
3387
3368
2739
35
50
107
2484
1417
1891
1154
2901
3152
2577
36
2872
3066
162
994
3416
1098
1890
1760
2930
957
1099
2430
1799
2159
3071
2918
3006
2381
1947
2173
2335
3282
2632
1981
161
2596
1115
2259
1120
952
431
2260
1237
1978
1041
3188
196
634
2862
2808
1227
2351
2973
975
2927
445
722
1674
3438
2852
1283
1919
2698
2608
2183
499
2968
3090
1118
188
2841
2896
31
735
1934
2236
568
1278
2083
519
1098
172
1607
3128
214
1794
1904
2402
820
2362
3133
3089
780
486
3044
2598
2375
281
190
3021
1969
2162
269
1724
595
1859
121
744
1050
1715
3138
3239
668
2586
2214
3339
1976
1971
2505
1097
549
149
3554
128
2469
776
1423
2607
1704
239
2164
240
3314
1511
1467
525
3356
66
2022
2059
2502
1115
1851
1739
1747
842
2147
3137
3359
2247
221
889
550
3130
123
1256
3001
3354
1147
640
3556
741
3011
3521
597
1355
183
1362
2300
1062
2365
1510
769
1708
889
696
920
141
1096
2233
1274
1135
1411
1756
3000
1643
212
470
2302
1310
1317
3051
3240
2531
2024
3058
2167
1370
806
1857
403
1214
2020
1371
945
1992
61
1316
118
3086
3439
251
902
1588
2192
3343
248
2726
1908
982
3627
2471
1128
3353
1
3100
1259
3326
3506
2851
372
2389
373
439
3348
2833
156
2559
1734
217
2659
1127
2071
2354
330
3369
1429
2137
1363
2406
552
3317
3477
3357
2287
2243
3256
2133
124
3295
2958
1259
1120
1321
1853
964
1575
2890
2667
2742
3520
2350
2096
1462
51
2943
2518
1726
2541
1278
296
1336
997
3097
2433
477
1299
2716
1367
2545
2684
1350
2505
757
2902
3318
754
1444
2027
1953
703
960
215
340
2458
1587
2554
1299
3497
444
946
148
2271
2244
2955
135
701
1684
2441
1536
1896
3543
3240
846
1455
1640
2000
2934
1516
2366
1362
2118
2789
602
1707
1785
188
2212
3731
301
1976
3277
228
3681
1542
1478
2669
3685
3115
1228
2782
1166
2603
1889
793
2880
842
3634
3443
3423
443
1203
2326
54
1383
3747
2596
6
2140
2964
2070
2236
305
844
325
42
894
2449
385
63
797
617
524
3402
250
556
3354
1888
1848
3201
1793
3296
1050
1390
765
2028
2528
2546
0
2600
734
3547
1609
66
1538
830
3061
0
3538
2789
195
312
363
1766
3063
1762
1133
2984
729
2544
1622
1861
146
27
2420
823
3623
1049
1168
1387
3480
836
3532
2144
1021
339
335
2497
1662
222
545
3242
2204
3764
1390
207
2861
3199
3484
2879
3740
2519
3132
2268
3354
1887
3410
1577
2986
2577
869
3405
2134
3782
135
2266
1232
3773
1601
3431
3367
3203
1453
2660
3181
3125
3478
1856
1276
1924
1390
3416
3012
328
2337
567
651
2491
3629
609
647
3439
3200
1886
80
1
2478
3720
19
1174
877
2125
142
937
9
32
3695
656
1316
3646
1210
2256
3854
1572
3032
2115
375
3439
1893
3555
2210
735
2720
2844
3538
328
3071
3721
2940
2854
2482
1326
2106
641
2714
3047
2243
3532
1013
1281
3687
2335
598
2455
3204
1957
601
3263
922
2275
185
2168
1839
1984
3727
1988
3103
2389
3152
3029
2382
566
307
3108
1433
3293
1696
3050
1211
3368
1551
3183
1735
1626
3123
3819
4
495
1769
2491
1440
3308
3900
2186
334
467
3428
3784
1049
3719
3349
3745
3990
1148
3362
3874
1253
970
683
152
1637
3471
3713
1826
2726
1093
641
3302
3335
2495
438
2146
1206
1116
776
2072
3110
1267
2915
4015
3255
2647
3621
2298
713
1437
1339
1860
654
923
3819
3313
2977
3916
2330
2426
1802
1463
1305
2511
151
800
3504
407
77
2229
2174
2031
926
3390
997
2569
2235
3856
329
1994
3014
3248
2075
3210
1680
3913
1536
1577
2121
2931
1377
1217
2044
1599
1551
2402
3833
86
3011
471
1401
2507
3263
2970
1517
7
3592
1690
1383
2479
1599
531
171
771
64
1258
541
3606
2365
440
921
1084
1677
3806
2120
1583
1743
723
2345
2046
4131
2909
2498
2961
3519
1506
2606
2961
1782
1258
2571
4042
3971
74
1493
1955
446
3679
3326
3028
1998
1723
970
2629
3232
713
2406
1059
952
399
1020
1015
1000
3868
2031
2574
3434
414
584
27
2987
953
36
1309
663
1654
2081
3373
2943
2979
2465
1804
2363
2874
789
1688
327
1709
1191
2708
1869
61
2734
3996
4192
2710
2607
917
2783
363
69
3232
3471
55
2700
27
4071
1695
2398
3082
2861
699
162
3569
1011
2307
848
3390
357
1840
629
3896
2765
3960
1841
648
14
3599
3071
2604
1940
3118
1715
2765
3696
2942
3266
3286
3661
3049
354
810
3581
4231
3866
1906
39
2174
1901
104
4259
422
713
2869
2759
3553
2564
1198
1081
1932
2551
3246
494
970
2152
963
3985
810
3267
2869
2417
167
1093
2277
399
2538
2861
737
3170
117
2801
2898
3500
1037
1373
2968
1345
2068
3370
1886
1323
2370
268
2072
481
112
1326
3573
2255
575
4266
1222
835
2199
3493
2999
2644
1788
1598
1463
1076
0
3016
1793
3569
102
4130
3882
2492
3399
1393
527
1665
3450
2588
490
2611
933
1313
202
2053
2672
3796
2206
3105
2876
1823
1201
747
1355
1507
1389
2959
50
2844
341
1506
400
1445
2660
2856
3037
1501
3336
2253
4129
1228
2888
3266
1200
342
1041
1995
1016
990
2531
3968
1085
1223
2
93
1531
3942
4031
4328
2786
1084
2865
4042
3418
2197
386
1866
3946
4203
345
1697
1552
3913
2808
512
2892
4018
3409
1025
4232
3009
3621
2131
450
617
481
3533
3724
1468
2430
1387
3994
4378
1473
2428
340
2877
614
2269
3033
777
959
948
15
130
2009
556
4247
2218
1145
2434
1689
83
3984
533
1349
3732
1725
1679
2165
3743
3184
3495
4120
2083
4356
1793
4189
2482
1920
1473
1728
4407
683
2177
4328
2410
942
1599
3241
3802
1626
3766
2324
1044
4059
770
2497
3623
2969
1567
587
1375
2280
1937
2149
3827
4427
4442
2467
2783
476
441
1016
2254
638
4460
2331
1120
1111
1068
376
3784
1819
1785
2023
362
481
17
3450
447
1878
1989
11
1660
2631
4121
810
1215
3671
4350
950
2578
3699
1588
1021
4048
3290
3073
2733
2320
2041
193
340
4501
4254
974
48
3046
2293
1983
1401
1837
2342
135
4518
409
3706
316
3587
2782
2320
4308
1179
1908
3052
1740
469
1265
3180
2874
4333
4159
56
728
2468
736
4381
863
2658
460
3568
4121
2047
2169
632
3459
2131
166
778
3918
3133
4080
3808
3800
4377
2511
127
1317
453
2825
4256
2083
1071
114
3074
2133
172
1067
122
4309
777
3656
806
3066
355
3952
2904
3258
3041
1561
41
2636
4587
2781
143
2157
3781
3901
2440
1179
4526
2235
3845
996
2942
2563
467
947
2398
1727
887
4157
1535
1757
26
4203
1891
3178
481
1118
3599
2567
3917
3059
2629
3760
3245
3711
120
139
2155
2106
1756
3771
118
451
4271
1494
3494
4197
2116
4585
3908
423
91
2538
1193
4476
750
1838
795
1312
3742
4205
1919
917
4252
3294
478
212
2879
4432
2457
1319
2463
2296
4483
1639
1281
3753
80
3568
6
3670
3560
2780
1356
2603
1780
1361
2705
1270
564
4521
3049
3303
2012
3701
3567
3651
2591
2276
305
3003
97
4211
4483
2927
1182
507
1721
474
4508
1266
1691
954
4443
2781
861
363
4589
1219
114
1280
828
821
187
1196
742
1149
2571
3523
2713
1207
3048
3529
1459
2997
3453
2786
461
3711
175
359
4476
180
277
2439
4521
547
4595
3284
2730
997
712
217
2262
1341
3649
1415
3384
2939
3383
1700
4198
3975
472
629
2507
427
376
1424
4516
3345
3408
4414
3166
2363
2656
625
1426
439
2139
2182
310
959
2317
4411
1370
4065
1318
4328
1369
3596
4184
180
2855
2140
836
2730
4478
3595
2046
3168
1217
3176
1095
712
1133
2678
1315
694
3418
663
3911
2341
2181
4617
1825
1882
3402
4766
2969
1000
23
2384
2301
4677
1413
3256
634
84
1193
3152
1982
1100
3614
2624
4741
1526
4222
1504
2042
3642
726
4586
3611
2632
1336
1769
2176
2813
3079
781
3619
966
2323
656
57
1744
352
767
208
3306
873
3553
1147
3828
3523
1158
1732
2514
3972
564
1147
787
4861
916
2921
3843
1212
2691
2254
2438
4419
211
4220
4751
1662
2960
4644
3064
1626
3921
1732
812
4132
469
2020
2523
4604
3144
1141
3105
1347
921
43
4673
1669
226
2886
4377
663
4081
2800
3860
1093
784
3632
2278
2459
4895
4028
1443
3328
2353
4088
1044
895
2389
3937
255
2644
4845
3071
2710
924
180
47
2321
3980
3025
1561
2585
1476
3605
3514
4059
187
3424
4798
3088
3536
4020
1169
194
2768
2408
2812
2006
4652
4715
2101
634
4800
4343
2700
3696
4852
556
3095
491
4039
2074
4607
2736
460
1381
4829
4945
987
4135
3953
2025
2386
4868
4897
4209
1262
2463
474
4924
4368
3777
3615
2330
847
1420
2082
1487
3285
4143
2481
2718
2646
2277
3627
444
4375
3496
401
2704
1524
1645
3577
234
1788
4783
1607
3537
3534
799
1678
207
3023
3032
4287
4973
1618
2712
4881
4152
3328
1315
3885
1262
2347
3688
182
2658
823
4419
4977
4767
48
3196
434
208
1651
1792
2482
1069
4030
906
3838
1849
682
2144
2177
420
1796
1316
235
4308
1043
4429
2908
4377
3460
4674
3632
4839
1440
4818
1341
1351
4838
3755
511
2555
1089
4777
65
2669
4483
684
1062
3232
4702
650
4163
2227
2536
3186
3106
1489
3018
2588
3606
1355
2640
4605
247
2733
2718
234
2556
1870
3388
88
1357
1268
1354
3208
4427
2080
3498
1286
261
2532
1252
1606
4339
1018
3126
119
5009
4377
2477
1429
2919
3955
4874
246
937
2861
2496
4217
5030
3422
2181
2154
2533
2724
294
3952
455
2625
4002
1212
800
1622
211
620
896
1680
1628
4553
3603
5022
3041
2253
3002
47
3627
1952
2272
1153
1936
629
4615
220
4537
4707
4701
2812
524
3108
2365
3011
739
4804
4307
301
4466
2428
4254
3086
490
2916
4850
201
3295
4986
4958
4468
2222
2900
788
2100
4403
5087
1396
113
5110
3351
4590
2349
530
798
3134
182
1740
879
2778
3469
4495
2519
2253
922
3897
957
1599
850
1267
2301
3509
3756
1531
278
2147
3533
2116
979
3795
985
1183
1655
607
3245
4057
1778
4797
3474
1769
2955
2476
2842
1311
3214
4250
962
2555
274
1251
3437
3821
4406
2000
1898
3321
4225
3552
4744
3924
4433
804
1940
3759
4708
1794
248
4827
2854
2458
890
2456
1148
1970
4665
1921
3738
2576
4491
2458
3641
2154
817
2165
1693
3872
980
3056
2863
2364
1779
949
4404
4186
5229
4787
0
4878
727
4746
2598
336
3057
3970
2684
1440
3331
5184
1536
1439
1283
913
4645
3175
3165
4049
2661
1845
3930
5231
2661
4810
3309
2074
4757
2528
3405
2500
4911
94
4433
2696
4264
993
4951
2967
2959
1098
3603
3137
181
4180
5240
228
5223
4397
2463
2762
5238
864
4197
1729
423
2986
2462
830
4743
2386
4394
1049
2474
2763
2423
4159
2223
4609
3240
4641
4288
557
1461
4781
2810
3819
1629
1870
1060
692
467
5239
3904
4937
5370
2195
5304
2805
4393
451
942
4670
3627
3677
4769
1822
3701
3104
4805
5262
2437
2621
2188
4304
2137
146
912
3
3990
354
201
4997
3114
2226
5074
1967
481
1221
4286
2917
4137
3016
1914
1288
4684
3453
4419
3535
4038
2621
939
3113
2561
1755
1239
2728
1990
4608
845
5359
961
3811
3647
1551
1866
318
468
4150
1223
4373
2558
1979
2174
1234
2044
934
5037
1653
5030
2447
2808
3386
4500
2671
4417
2405
2367
4568
2569
4752
898
4927
4128
223
3421
809
959
5451
5384
5403
1876
141
275
4875
2610
3293
4957
760
2644
923
5262
3702
1913
5417
3420
1684
1565
1646
1410
3646
993
2963
2775
4548
282
4524
2271
4748
707
3329
4790
4737
2933
3091
4975
2057
2845
827
1588
1625
1358
4322
5111
2695
481
616
5439
191
3137
4206
1167
3099
4629
1227
2711
3554
3460
2045
2323
4212
3845
1690
849
1014
4254
5347
5395
5281
4167
2525
252
3414
2150
3848
3802
5380
8
719
4717
3585
3564
2181
2483
1695
2214
2298
2021
1076
3828
4482
1883
909
5145
5097
1693
4479
804
164
1431
2688
1652
2315
3248
3258
2145
631
4338
4607
5532
3089
4579
2391
5039
3588
5414
5568
2650
66
4164
5294
2717
3209
2234
5265
4931
4488
5459
3720
1665
1390
973
4263
4341
1708
3357
1021
2967
3851
1519
4763
4339
2552
4362
4857
3
3773
4645
3207
2249
2899
1134
3899
2258
4867
4203
1172
1119
982
1598
5409
1510
5017
5311
5367
5449
3958
4451
1198
3226
3027
4185
1896
289
4916
1231
5627
3200
2496
825
3115
2587
352
4363
931
5578
4989
796
2220
3746
2394
107
349
1790
624
5400
3331
2696
4830
72
2162
3682
3067
339
4919
2645
3337
4383
4050
3732
4048
1695
619
1933
2507
2520
3742
4388
947
2921
1878
718
373
2438
2520
1591
4936
2381
5372
2350
3551
1804
1642
4183
5259
5418
3214
5072
3356
5516
4489
2535
4287
4305
3239
5621
299
2469
4097
1155
5403
267
5590
862
517
316
1945
4504
1603
498
4370
1422
5505
3942
3078
3197
5457
846
59
562
2170
5132
4093
4386
265
1136
2757
626
4237
1009
2849
5666
4087
3672
4761
3337
1857
5408
4399
5484
2834
5694
3222
5686
5666
892
5339
376
4322
692
5635
318
593
2603
5487
2004
1904
1186
1652
4411
4674
1205
5458
4675
1745
1190
5021
2129
4140
1247
334
2324
4541
2752
3915
4315
674
3585
5778
494
3781
1123
2272
3835
5394
3271
1583
1507
4571
4424
1401
4588
3597
4945
549
4394
3758
5629
2421
1812
520
2196
5225
962
329
4663
2850
2109
2875
5244
1240
4492
3647
5612
3855
5034
0
4834
230
1420
1313
2498
3693
3807
5422
956
2565
1000
829
1930
1177
1122
3961
3147
2112
1643
4828
785
2978
190
2709
899
1592
5258
2569
954
1744
3386
4607
368
2535
5863
4168
3183
3589
1165
5454
5492
3527
140
902
2885
3942
5600
4146
2704
4514
4485
5832
2127
1812
1411
4532
1109
690
1315
996
3253
2595
871
5486
5525
2218
1529
3664
1331
4538
4393
2206
3606
4229
5813
2912
226
4261
4902
2970
409
2102
5010
3989
4468
1286
4362
3925
2162
3476
3080
1822
1110
3939
4607
563
5393
1790
4607
3372
3072
2518
3400
4811
2377
192
5749
2779
5100
5521
3974
3999
4472
2241
3203
4635
4827
2234
4490
3172
2542
4871
1878
4140
2749
2950
1155
2171
5455
